  Camera.cpp
  d3dApp.cpp
  d3dUtil.cpp
  DDSTextureLoader.cpp
  GameTimer.cpp
  GeometryGenerator.cpp
  MathHelper.cpp
  Entity.cpp
  FrameResource.cpp
  Game.cpp
D:\GBC\Year 3 semester 2\Game Engine Development 2\GameEngineDevelopment2-main.zip\New folder (2)\GAME3015_A1_Shah_Milman\GAME3015-Assignment1\GAME3015-Assignment1\Game.cpp(165,24): warning C4305: 'argument': truncation from 'double' to 'float'
D:\GBC\Year 3 semester 2\Game Engine Development 2\GameEngineDevelopment2-main.zip\New folder (2)\GAME3015_A1_Shah_Milman\GAME3015-Assignment1\GAME3015-Assignment1\Game.cpp(566,70): warning C4305: 'argument': truncation from 'double' to 'float'
C:\Program Files (x86)\Microsoft Visual Studio\2019\Community\VC\Tools\MSVC\14.28.29333\include\memory(2833,56): warning C4244: 'argument': conversion from '_Ty' to 'float', possible loss of data
          with
          [
              _Ty=double
          ]
D:\GBC\Year 3 semester 2\Game Engine Development 2\GameEngineDevelopment2-main.zip\New folder (2)\GAME3015_A1_Shah_Milman\GAME3015-Assignment1\GAME3015-Assignment1\Game.cpp(167): message : see reference to function template instantiation 'std::unique_ptr<Waves,std::default_delete<Waves>> std::make_unique<Waves,int,int,double,float,double,float,0>(int &&,int &&,double &&,float &&,double &&,float &&)' being compiled
  Player.cpp
  SceneNode.cpp
  Waves.cpp
  Generating Code...
  World.cpp
D:\GBC\Year 3 semester 2\Game Engine Development 2\GameEngineDevelopment2-main.zip\New folder (2)\GAME3015_A1_Shah_Milman\GAME3015-Assignment1\GAME3015-Assignment1\World.cpp(195,51): warning C4267: '=': conversion from 'size_t' to 'int', possible loss of data
D:\GBC\Year 3 semester 2\Game Engine Development 2\GameEngineDevelopment2-main.zip\New folder (2)\GAME3015_A1_Shah_Milman\GAME3015-Assignment1\GAME3015-Assignment1\World.cpp(218,52): warning C4267: '=': conversion from 'size_t' to 'int', possible loss of data
D:\GBC\Year 3 semester 2\Game Engine Development 2\GameEngineDevelopment2-main.zip\New folder (2)\GAME3015_A1_Shah_Milman\GAME3015-Assignment1\GAME3015-Assignment1\World.cpp(241,46): warning C4267: '=': conversion from 'size_t' to 'int', possible loss of data
D:\GBC\Year 3 semester 2\Game Engine Development 2\GameEngineDevelopment2-main.zip\New folder (2)\GAME3015_A1_Shah_Milman\GAME3015-Assignment1\GAME3015-Assignment1\World.cpp(263,49): warning C4267: '=': conversion from 'size_t' to 'int', possible loss of data
D:\GBC\Year 3 semester 2\Game Engine Development 2\GameEngineDevelopment2-main.zip\New folder (2)\GAME3015_A1_Shah_Milman\GAME3015-Assignment1\GAME3015-Assignment1\World.cpp(285,48): warning C4267: '=': conversion from 'size_t' to 'int', possible loss of data
  GAME3015-Assignment1.vcxproj -> D:\GBC\Year 3 semester 2\Game Engine Development 2\GameEngineDevelopment2-main.zip\New folder (2)\GAME3015_A1_Shah_Milman\GAME3015-Assignment1\x64\Debug\GAME3015-Assignment1.exe
